<?xml version="1.0" encoding="UTF-8"?>
<!-- Generated by org.testng.reporters.JUnitReportReporter -->
<testsuite skipped="0" hostname="Poojitha-Pothuganti.local" name="SeleniumExc.AutomateRegister" tests="1" failures="0" timestamp="2020-03-12T16:42:14 EDT" time="5.010" errors="0">
  <testcase name="RegisterConfirmCheck" time="5.010" classname="SeleniumExc.AutomateRegister"/>
  <system-out/>
</testsuite> <!-- SeleniumExc.AutomateRegister -->
