<?xml version="1.0" encoding="UTF-8"?>
<!-- Generated by org.testng.reporters.JUnitReportReporter -->
<testsuite skipped="0" hostname="Poojitha-Pothuganti.local" name="seleniumPractice.LoginTest_DemoWebShop" tests="1" failures="0" timestamp="2020-03-12T16:52:51 EDT" time="4.955" errors="0">
  <testcase name="loginTestCheck" time="4.955" classname="seleniumPractice.LoginTest_DemoWebShop"/>
  <system-out/>
</testsuite> <!-- seleniumPractice.LoginTest_DemoWebShop -->
