<?xml version="1.0" encoding="UTF-8"?>
<!-- Generated by org.testng.reporters.JUnitReportReporter -->
<testsuite skipped="0" hostname="Poojitha-Pothuganti.local" name="SeleniumExc.AutomateEndToEndTest" tests="6" failures="0" timestamp="2020-03-24T16:14:48 EDT" time="15.883" errors="0">
  <testcase name="driverSetup" time="4.886" classname="SeleniumExc.AutomateEndToEndTest"/>
  <system-out/>
  <testcase name="verifyAllOptions" time="0.125" classname="SeleniumExc.AutomateEndToEndTest"/>
  <system-out/>
  <testcase name="addTaskAndGeneralTab" time="1.605" classname="SeleniumExc.AutomateEndToEndTest"/>
  <system-out/>
  <testcase name="timeTabData" time="3.843" classname="SeleniumExc.AutomateEndToEndTest"/>
  <system-out/>
  <testcase name="logInAgainAndClickTasks" time="1.986" classname="SeleniumExc.AutomateEndToEndTest"/>
  <system-out/>
  <testcase name="searchInput" time="3.438" classname="SeleniumExc.AutomateEndToEndTest"/>
  <system-out/>
</testsuite> <!-- SeleniumExc.AutomateEndToEndTest -->
