<?xml version="1.0" encoding="UTF-8"?>
<!-- Generated by org.testng.reporters.JUnitReportReporter -->
<testsuite skipped="0" hostname="Poojitha-Pothuganti.local" name="SeleniumExc.DynamicTable" tests="1" failures="0" timestamp="2020-03-22T18:02:59 EDT" time="4.767" errors="0">
  <testcase name="dynTableTesting" time="4.767" classname="SeleniumExc.DynamicTable"/>
  <system-out/>
</testsuite> <!-- SeleniumExc.DynamicTable -->
