<?xml version="1.0" encoding="UTF-8"?>
<!-- Generated by org.testng.reporters.JUnitReportReporter -->
<testsuite skipped="0" hostname="Poojitha-Pothuganti.local" name="SeleniumExc.SeleniumExc2" tests="1" failures="0" timestamp="2020-03-23T13:25:52 EDT" time="13.235" errors="0">
  <testcase name="VehicleTesting" time="13.235" classname="SeleniumExc.SeleniumExc2"/>
  <system-out/>
</testsuite> <!-- SeleniumExc.SeleniumExc2 -->
